android/app/build/intermediates/manifest_merge_blame_file/debug/processDebugMainManifest/manifest-merger-blame-debug-report.txt
1<?xml version="1.0" encoding="utf-8"?>
2<manifest xmlns:android="http://schemas.android.com/apk/res/android"
3    package="io.rekast.sdk.sample.debug"
4    android:versionCode="1"
5    android:versionName="0.0.1 - debug" >
6
7    <uses-sdk
7-->INJECTED
8        android:minSdkVersion="24"
8-->INJECTED
9        android:targetSdkVersion="37" />
9-->INJECTED
10
11    <uses-permission android:name="android.permission.ACCESS_NETWORK_STATE" />
11-->[:sample] AndroidManifest.xml:7:5-79
11-->[:sample] AndroidManifest.xml:7:22-76
12    <uses-permission android:name="android.permission.INTERNET" />
12-->[:sample] AndroidManifest.xml:8:5-67
12-->[:sample] AndroidManifest.xml:8:22-64
13    <uses-permission android:name="android.permission.WAKE_LOCK" />
13-->[androidx.work:work-runtime:2.11.1] AndroidManifest.xml:23:5-68
13-->[androidx.work:work-runtime:2.11.1] AndroidManifest.xml:23:22-65
14    <uses-permission android:name="android.permission.RECEIVE_BOOT_COMPLETED" />
14-->[androidx.work:work-runtime:2.11.1] AndroidManifest.xml:25:5-81
14-->[androidx.work:work-runtime:2.11.1] AndroidManifest.xml:25:22-78
15    <uses-permission android:name="android.permission.FOREGROUND_SERVICE" />
15-->[androidx.work:work-runtime:2.11.1] AndroidManifest.xml:26:5-77
15-->[androidx.work:work-runtime:2.11.1] AndroidManifest.xml:26:22-74
16
17    <permission
17-->[androidx.core:core:1.18.0] AndroidManifest.xml:22:5-24:47
18        android:name="io.rekast.sdk.sample.debug.DYNAMIC_RECEIVER_NOT_EXPORTED_PERMISSION"
18-->[androidx.core:core:1.18.0] AndroidManifest.xml:23:9-81
19        android:protectionLevel="signature" />
19-->[androidx.core:core:1.18.0] AndroidManifest.xml:24:9-44
20
21    <uses-permission android:name="io.rekast.sdk.sample.debug.DYNAMIC_RECEIVER_NOT_EXPORTED_PERMISSION" />
21-->[androidx.core:core:1.18.0] AndroidManifest.xml:26:5-97
21-->[androidx.core:core:1.18.0] AndroidManifest.xml:26:22-94
22
23    <application
23-->src/main/AndroidManifest.xml:5:5-28:19
24        android:name="io.rekast.sdk.app.MomoApplication"
24-->src/main/AndroidManifest.xml:6:9-40
25        android:appComponentFactory="androidx.core.app.CoreComponentFactory"
25-->[androidx.core:core:1.18.0] AndroidManifest.xml:28:18-86
26        android:debuggable="true"
27        android:extractNativeLibs="false"
27-->INJECTED
28        android:icon="@mipmap/ic_launcher"
28-->src/main/AndroidManifest.xml:7:9-43
29        android:label="@string/app_name"
29-->src/main/AndroidManifest.xml:8:9-41
30        android:supportsRtl="true"
30-->src/main/AndroidManifest.xml:9:9-35
31        android:theme="@style/Theme.MTNMomoAPI"
31-->src/main/AndroidManifest.xml:10:9-48
32        android:windowSoftInputMode="adjustResize" >
32-->src/main/AndroidManifest.xml:11:9-51
33        <activity
33-->src/main/AndroidManifest.xml:14:9-22:20
34            android:name="io.rekast.sdk.sample.views.splash.SplashScreenActivity"
34-->src/main/AndroidManifest.xml:15:13-82
35            android:exported="true"
35-->src/main/AndroidManifest.xml:16:13-36
36            android:theme="@style/Theme.MTNMomoAPI.NoActionBar" >
36-->src/main/AndroidManifest.xml:17:13-64
37            <intent-filter>
37-->src/main/AndroidManifest.xml:18:13-21:29
38                <action android:name="android.intent.action.MAIN" />
38-->src/main/AndroidManifest.xml:19:17-69
38-->src/main/AndroidManifest.xml:19:25-66
39
40                <category android:name="android.intent.category.LAUNCHER" />
40-->src/main/AndroidManifest.xml:20:17-77
40-->src/main/AndroidManifest.xml:20:27-74
41            </intent-filter>
42        </activity>
43        <activity
43-->src/main/AndroidManifest.xml:24:9-27:67
44            android:name="io.rekast.sdk.sample.views.AppMainActivity"
44-->src/main/AndroidManifest.xml:25:13-70
45            android:exported="true"
45-->src/main/AndroidManifest.xml:26:13-36
46            android:theme="@style/Theme.MTNMomoAPI.NoActionBar" />
46-->src/main/AndroidManifest.xml:27:13-64
47
48        <meta-data
48-->[com.google.android.gms:play-services-basement:18.1.0] AndroidManifest.xml:21:9-23:69
49            android:name="com.google.android.gms.version"
49-->[com.google.android.gms:play-services-basement:18.1.0] AndroidManifest.xml:22:13-58
50            android:value="@integer/google_play_services_version" />
50-->[com.google.android.gms:play-services-basement:18.1.0] AndroidManifest.xml:23:13-66
51
52        <activity
52-->[androidx.compose.ui:ui-test-manifest:1.10.5] AndroidManifest.xml:23:9-26:79
53            android:name="androidx.activity.ComponentActivity"
53-->[androidx.compose.ui:ui-test-manifest:1.10.5] AndroidManifest.xml:24:13-63
54            android:exported="true"
54-->[androidx.compose.ui:ui-test-manifest:1.10.5] AndroidManifest.xml:25:13-36
55            android:theme="@android:style/Theme.Material.Light.NoActionBar" />
55-->[androidx.compose.ui:ui-test-manifest:1.10.5] AndroidManifest.xml:26:13-76
56        <activity
56-->[androidx.compose.ui:ui-tooling-android:1.10.5] AndroidManifest.xml:23:9-25:39
57            android:name="androidx.compose.ui.tooling.PreviewActivity"
57-->[androidx.compose.ui:ui-tooling-android:1.10.5] AndroidManifest.xml:24:13-71
58            android:exported="true" />
58-->[androidx.compose.ui:ui-tooling-android:1.10.5] AndroidManifest.xml:25:13-36
59
60        <provider
60-->[androidx.work:work-runtime:2.11.1] AndroidManifest.xml:29:9-37:20
61            android:name="androidx.startup.InitializationProvider"
61-->[androidx.work:work-runtime:2.11.1] AndroidManifest.xml:30:13-67
62            android:authorities="io.rekast.sdk.sample.debug.androidx-startup"
62-->[androidx.work:work-runtime:2.11.1] AndroidManifest.xml:31:13-68
63            android:exported="false" >
63-->[androidx.work:work-runtime:2.11.1] AndroidManifest.xml:32:13-37
64            <meta-data
64-->[androidx.work:work-runtime:2.11.1] AndroidManifest.xml:34:13-36:52
65                android:name="androidx.work.WorkManagerInitializer"
65-->[androidx.work:work-runtime:2.11.1] AndroidManifest.xml:35:17-68
66                android:value="androidx.startup" />
66-->[androidx.work:work-runtime:2.11.1] AndroidManifest.xml:36:17-49
67            <meta-data
67-->[androidx.emoji2:emoji2:1.4.0] AndroidManifest.xml:29:13-31:52
68                android:name="androidx.emoji2.text.EmojiCompatInitializer"
68-->[androidx.emoji2:emoji2:1.4.0] AndroidManifest.xml:30:17-75
69                android:value="androidx.startup" />
69-->[androidx.emoji2:emoji2:1.4.0] AndroidManifest.xml:31:17-49
70            <meta-data
70-->[androidx.lifecycle:lifecycle-process:2.10.0] AndroidManifest.xml:29:13-31:52
71                android:name="androidx.lifecycle.ProcessLifecycleInitializer"
71-->[androidx.lifecycle:lifecycle-process:2.10.0] AndroidManifest.xml:30:17-78
72                android:value="androidx.startup" />
72-->[androidx.lifecycle:lifecycle-process:2.10.0] AndroidManifest.xml:31:17-49
73            <meta-data
73-->[com.squareup.okhttp3:okhttp-android:5.3.2] AndroidManifest.xml:16:13-18:52
74                android:name="okhttp3.internal.platform.PlatformInitializer"
74-->[com.squareup.okhttp3:okhttp-android:5.3.2] AndroidManifest.xml:17:17-77
75                android:value="androidx.startup" />
75-->[com.squareup.okhttp3:okhttp-android:5.3.2] AndroidManifest.xml:18:17-49
76            <meta-data
76-->[androidx.profileinstaller:profileinstaller:1.4.0] AndroidManifest.xml:29:13-31:52
77                android:name="androidx.profileinstaller.ProfileInstallerInitializer"
77-->[androidx.profileinstaller:profileinstaller:1.4.0] AndroidManifest.xml:30:17-85
78                android:value="androidx.startup" />
78-->[androidx.profileinstaller:profileinstaller:1.4.0] AndroidManifest.xml:31:17-49
79        </provider>
80
81        <service
81-->[androidx.work:work-runtime:2.11.1] AndroidManifest.xml:39:9-45:35
82            android:name="androidx.work.impl.background.systemjob.SystemJobService"
82-->[androidx.work:work-runtime:2.11.1] AndroidManifest.xml:40:13-84
83            android:directBootAware="false"
83-->[androidx.work:work-runtime:2.11.1] AndroidManifest.xml:41:13-44
84            android:enabled="@bool/enable_system_job_service_default"
84-->[androidx.work:work-runtime:2.11.1] AndroidManifest.xml:42:13-70
85            android:exported="true"
85-->[androidx.work:work-runtime:2.11.1] AndroidManifest.xml:43:13-36
86            android:permission="android.permission.BIND_JOB_SERVICE" />
86-->[androidx.work:work-runtime:2.11.1] AndroidManifest.xml:44:13-69
87        <service
87-->[androidx.work:work-runtime:2.11.1] AndroidManifest.xml:46:9-52:35
88            android:name="androidx.work.impl.foreground.SystemForegroundService"
88-->[androidx.work:work-runtime:2.11.1] AndroidManifest.xml:47:13-81
89            android:directBootAware="false"
89-->[androidx.work:work-runtime:2.11.1] AndroidManifest.xml:48:13-44
90            android:enabled="@bool/enable_system_foreground_service_default"
90-->[androidx.work:work-runtime:2.11.1] AndroidManifest.xml:49:13-77
91            android:exported="false" />
91-->[androidx.work:work-runtime:2.11.1] AndroidManifest.xml:50:13-37
92
93        <receiver
93-->[androidx.work:work-runtime:2.11.1] AndroidManifest.xml:54:9-59:35
94            android:name="androidx.work.impl.utils.ForceStopRunnable$BroadcastReceiver"
94-->[androidx.work:work-runtime:2.11.1] AndroidManifest.xml:55:13-88
95            android:directBootAware="false"
95-->[androidx.work:work-runtime:2.11.1] AndroidManifest.xml:56:13-44
96            android:enabled="true"
96-->[androidx.work:work-runtime:2.11.1] AndroidManifest.xml:57:13-35
97            android:exported="false" />
97-->[androidx.work:work-runtime:2.11.1] AndroidManifest.xml:58:13-37
98        <receiver
98-->[androidx.work:work-runtime:2.11.1] AndroidManifest.xml:60:9-69:20
99            android:name="androidx.work.impl.background.systemalarm.RescheduleReceiver"
99-->[androidx.work:work-runtime:2.11.1] AndroidManifest.xml:61:13-88
100            android:directBootAware="false"
100-->[androidx.work:work-runtime:2.11.1] AndroidManifest.xml:62:13-44
101            android:enabled="false"
101-->[androidx.work:work-runtime:2.11.1] AndroidManifest.xml:63:13-36
102            android:exported="false" >
102-->[androidx.work:work-runtime:2.11.1] AndroidManifest.xml:64:13-37
103            <intent-filter>
103-->[androidx.work:work-runtime:2.11.1] AndroidManifest.xml:66:13-68:29
104                <action android:name="android.intent.action.BOOT_COMPLETED" />
104-->[androidx.work:work-runtime:2.11.1] AndroidManifest.xml:67:17-79
104-->[androidx.work:work-runtime:2.11.1] AndroidManifest.xml:67:25-76
105            </intent-filter>
106        </receiver>
107        <receiver
107-->[androidx.work:work-runtime:2.11.1] AndroidManifest.xml:70:9-80:20
108            android:name="androidx.work.impl.diagnostics.DiagnosticsReceiver"
108-->[androidx.work:work-runtime:2.11.1] AndroidManifest.xml:71:13-78
109            android:directBootAware="false"
109-->[androidx.work:work-runtime:2.11.1] AndroidManifest.xml:72:13-44
110            android:enabled="true"
110-->[androidx.work:work-runtime:2.11.1] AndroidManifest.xml:73:13-35
111            android:exported="true"
111-->[androidx.work:work-runtime:2.11.1] AndroidManifest.xml:74:13-36
112            android:permission="android.permission.DUMP" >
112-->[androidx.work:work-runtime:2.11.1] AndroidManifest.xml:75:13-57
113            <intent-filter>
113-->[androidx.work:work-runtime:2.11.1] AndroidManifest.xml:77:13-79:29
114                <action android:name="androidx.work.diagnostics.REQUEST_DIAGNOSTICS" />
114-->[androidx.work:work-runtime:2.11.1] AndroidManifest.xml:78:17-88
114-->[androidx.work:work-runtime:2.11.1] AndroidManifest.xml:78:25-85
115            </intent-filter>
116        </receiver>
117
118        <uses-library
118-->[androidx.window:window:1.5.0] AndroidManifest.xml:23:9-25:40
119            android:name="androidx.window.extensions"
119-->[androidx.window:window:1.5.0] AndroidManifest.xml:24:13-54
120            android:required="false" />
120-->[androidx.window:window:1.5.0] AndroidManifest.xml:25:13-37
121        <uses-library
121-->[androidx.window:window:1.5.0] AndroidManifest.xml:26:9-28:40
122            android:name="androidx.window.sidecar"
122-->[androidx.window:window:1.5.0] AndroidManifest.xml:27:13-51
123            android:required="false" />
123-->[androidx.window:window:1.5.0] AndroidManifest.xml:28:13-37
124
125        <service
125-->[androidx.room:room-runtime-android:2.7.0] AndroidManifest.xml:24:9-28:63
126            android:name="androidx.room.MultiInstanceInvalidationService"
126-->[androidx.room:room-runtime-android:2.7.0] AndroidManifest.xml:25:13-74
127            android:directBootAware="true"
127-->[androidx.room:room-runtime-android:2.7.0] AndroidManifest.xml:26:13-43
128            android:exported="false" />
128-->[androidx.room:room-runtime-android:2.7.0] AndroidManifest.xml:27:13-37
129
130        <receiver
130-->[androidx.profileinstaller:profileinstaller:1.4.0] AndroidManifest.xml:34:9-52:20
131            android:name="androidx.profileinstaller.ProfileInstallReceiver"
131-->[androidx.profileinstaller:profileinstaller:1.4.0] AndroidManifest.xml:35:13-76
132            android:directBootAware="false"
132-->[androidx.profileinstaller:profileinstaller:1.4.0] AndroidManifest.xml:36:13-44
133            android:enabled="true"
133-->[androidx.profileinstaller:profileinstaller:1.4.0] AndroidManifest.xml:37:13-35
134            android:exported="true"
134-->[androidx.profileinstaller:profileinstaller:1.4.0] AndroidManifest.xml:38:13-36
135            android:permission="android.permission.DUMP" >
135-->[androidx.profileinstaller:profileinstaller:1.4.0] AndroidManifest.xml:39:13-57
136            <intent-filter>
136-->[androidx.profileinstaller:profileinstaller:1.4.0] AndroidManifest.xml:40:13-42:29
137                <action android:name="androidx.profileinstaller.action.INSTALL_PROFILE" />
137-->[androidx.profileinstaller:profileinstaller:1.4.0] AndroidManifest.xml:41:17-91
137-->[androidx.profileinstaller:profileinstaller:1.4.0] AndroidManifest.xml:41:25-88
138            </intent-filter>
139            <intent-filter>
139-->[androidx.profileinstaller:profileinstaller:1.4.0] AndroidManifest.xml:43:13-45:29
140                <action android:name="androidx.profileinstaller.action.SKIP_FILE" />
140-->[androidx.profileinstaller:profileinstaller:1.4.0] AndroidManifest.xml:44:17-85
140-->[androidx.profileinstaller:profileinstaller:1.4.0] AndroidManifest.xml:44:25-82
141            </intent-filter>
142            <intent-filter>
142-->[androidx.profileinstaller:profileinstaller:1.4.0] AndroidManifest.xml:46:13-48:29
143                <action android:name="androidx.profileinstaller.action.SAVE_PROFILE" />
143-->[androidx.profileinstaller:profileinstaller:1.4.0] AndroidManifest.xml:47:17-88
143-->[androidx.profileinstaller:profileinstaller:1.4.0] AndroidManifest.xml:47:25-85
144            </intent-filter>
145            <intent-filter>
145-->[androidx.profileinstaller:profileinstaller:1.4.0] AndroidManifest.xml:49:13-51:29
146                <action android:name="androidx.profileinstaller.action.BENCHMARK_OPERATION" />
146-->[androidx.profileinstaller:profileinstaller:1.4.0] AndroidManifest.xml:50:17-95
146-->[androidx.profileinstaller:profileinstaller:1.4.0] AndroidManifest.xml:50:25-92
147            </intent-filter>
148        </receiver> <!-- The activities will be merged into the manifest of the hosting app. -->
149        <activity
149-->[com.google.android.play:core-common:2.0.3] AndroidManifest.xml:14:9-18:65
150            android:name="com.google.android.play.core.common.PlayCoreDialogWrapperActivity"
150-->[com.google.android.play:core-common:2.0.3] AndroidManifest.xml:15:13-93
151            android:exported="false"
151-->[com.google.android.play:core-common:2.0.3] AndroidManifest.xml:16:13-37
152            android:stateNotNeeded="true"
152-->[com.google.android.play:core-common:2.0.3] AndroidManifest.xml:17:13-42
153            android:theme="@style/Theme.PlayCore.Transparent" />
153-->[com.google.android.play:core-common:2.0.3] AndroidManifest.xml:18:13-62
154    </application>
155
156</manifest>